{"numFailedTestSuites":1,"numFailedTests":1,"numPassedTestSuites":0,"numPassedTests":2,"numPendingTestSuites":0,"numPendingTests":0,"numRuntimeErrorTestSuites":0,"numTodoTests":0,"numTotalTestSuites":1,"numTotalTests":3,"openHandles":[],"snapshot":{"added":0,"didUpdate":false,"failure":false,"filesAdded":0,"filesRemoved":0,"filesRemovedList":[],"filesUnmatched":0,"filesUpdated":0,"matched":0,"total":0,"unchecked":0,"uncheckedKeysByFile":[],"unmatched":0,"updated":0},"startTime":1770658835172,"success":false,"testResults":[{"assertionResults":[{"ancestorTitles":["Intelligent Features API","GET /api/intelligence/overcommitment/:userId"],"duration":48,"failing":false,"failureDetails":[{"matcherResult":{"actual":false,"expected":true,"message":"\u001b[2mexpect(\u001b[22m\u001b[31mreceived\u001b[39m\u001b[2m).\u001b[22mtoBe\u001b[2m(\u001b[22m\u001b[32mexpected\u001b[39m\u001b[2m) // Object.is equality\u001b[22m\n\nExpected: \u001b[32mtrue\u001b[39m\nReceived: \u001b[31mfalse\u001b[39m","name":"toBe","pass":false}}],"failureMessages":["Error: \u001b[2mexpect(\u001b[22m\u001b[31mreceived\u001b[39m\u001b[2m).\u001b[22mtoBe\u001b[2m(\u001b[22m\u001b[32mexpected\u001b[39m\u001b[2m) // Object.is equality\u001b[22m\n\nExpected: \u001b[32mtrue\u001b[39m\nReceived: \u001b[31mfalse\u001b[39m\n    at Object.toBe (C:\\Users\\Isha\\OneDrive\\pro\\Backend1\\tests\\intelligent.test.js:38:45)\n    at processTicksAndRejections (node:internal/process/task_queues:103:5)"],"fullName":"Intelligent Features API GET /api/intelligence/overcommitment/:userId should detect overcommitment if hours > 8","invocations":1,"location":null,"numPassingAsserts":1,"retryReasons":[],"startAt":1770658836853,"status":"failed","title":"should detect overcommitment if hours > 8"},{"ancestorTitles":["Intelligent Features API","GET /api/intelligence/overcommitment/:userId"],"duration":13,"failing":false,"failureDetails":[],"failureMessages":[],"fullName":"Intelligent Features API GET /api/intelligence/overcommitment/:userId should NOT detect overcommitment if hours < 8","invocations":1,"location":null,"numPassingAsserts":2,"retryReasons":[],"startAt":1770658836909,"status":"passed","title":"should NOT detect overcommitment if hours < 8"},{"ancestorTitles":["Intelligent Features API","GET /api/intelligence/procrastination/:userId"],"duration":15,"failing":false,"failureDetails":[],"failureMessages":[],"fullName":"Intelligent Features API GET /api/intelligence/procrastination/:userId should detect high procrastination if deadlines missed","invocations":1,"location":null,"numPassingAsserts":3,"retryReasons":[],"startAt":1770658836924,"status":"passed","title":"should detect high procrastination if deadlines missed"}],"endTime":1770658836957,"message":"\u001b[1m\u001b[31m  \u001b[1m● \u001b[22m\u001b[1mIntelligent Features API › GET /api/intelligence/overcommitment/:userId › should detect overcommitment if hours > 8\u001b[39m\u001b[22m\n\n    \u001b[2mexpect(\u001b[22m\u001b[31mreceived\u001b[39m\u001b[2m).\u001b[22mtoBe\u001b[2m(\u001b[22m\u001b[32mexpected\u001b[39m\u001b[2m) // Object.is equality\u001b[22m\n\n    Expected: \u001b[32mtrue\u001b[39m\n    Received: \u001b[31mfalse\u001b[39m\n\u001b[2m\u001b[22m\n\u001b[2m    \u001b[0m \u001b[90m 36 |\u001b[39m\u001b[22m\n\u001b[2m     \u001b[90m 37 |\u001b[39m             expect(res\u001b[33m.\u001b[39mstatusCode)\u001b[33m.\u001b[39mtoEqual(\u001b[35m200\u001b[39m)\u001b[33m;\u001b[39m\u001b[22m\n\u001b[2m    \u001b[31m\u001b[1m>\u001b[22m\u001b[2m\u001b[39m\u001b[90m 38 |\u001b[39m             expect(res\u001b[33m.\u001b[39mbody\u001b[33m.\u001b[39movercommitment)\u001b[33m.\u001b[39mtoBe(\u001b[36mtrue\u001b[39m)\u001b[33m;\u001b[39m\u001b[22m\n\u001b[2m     \u001b[90m    |\u001b[39m                                             \u001b[31m\u001b[1m^\u001b[22m\u001b[2m\u001b[39m\u001b[22m\n\u001b[2m     \u001b[90m 39 |\u001b[39m             expect(res\u001b[33m.\u001b[39mbody\u001b[33m.\u001b[39mtotalWorkload)\u001b[33m.\u001b[39mtoBe(\u001b[35m500\u001b[39m)\u001b[33m;\u001b[39m\u001b[22m\n\u001b[2m     \u001b[90m 40 |\u001b[39m         })\u001b[33m;\u001b[39m\u001b[22m\n\u001b[2m     \u001b[90m 41 |\u001b[39m\u001b[0m\u001b[22m\n\u001b[2m\u001b[22m\n\u001b[2m      \u001b[2mat Object.toBe (\u001b[22m\u001b[2m\u001b[0m\u001b[36mtests/intelligent.test.js\u001b[39m\u001b[0m\u001b[2m:38:45)\u001b[22m\u001b[2m\u001b[22m\n","name":"C:\\Users\\Isha\\OneDrive\\pro\\Backend1\\tests\\intelligent.test.js","startTime":1770658835261,"status":"failed","summary":""}],"wasInterrupted":false}
